Build started 1/9/2019 10:52:54 AM.
     1>Project "C:\Users\m8avhru\Downloads\CrossScaleStereo-master\SSCA\SSCA.vcxproj" on node 2 (Build target(s)).
     1>ClCompile:
         C:\Program Files (x86)\Microsoft Visual Studio 11.0\VC\bin\x86_amd64\CL.exe /c /IC:\OpenCV\opencv300\Build\x64\vc11\..\..\include /Zi /nologo /W0 /WX- /Od /D WIN64 /D _DEBUG /D _CONSOLE /D _UNICODE /D UNICODE /Gm /EHsc /RTC1 /MDd /GS /fp:precise /Zc:wchar_t /Zc:forScope /Fo"x64\Debug\\" /Fd"x64\Debug\vc110.pdb" /Gd /TP /errorReport:prompt main.cpp
         main.cpp
       Link:
         C:\Program Files (x86)\Microsoft Visual Studio 11.0\VC\bin\x86_amd64\link.exe /ERRORREPORT:PROMPT /OUT:"C:\Users\m8avhru\Downloads\CrossScaleStereo-master\x64\Debug\SSCA.exe" /INCREMENTAL /NOLOGO /LIBPATH:C:\OpenCV\opencv300\Build\x64\vc11\lib opencv_world300d.lib opencv_ts300d.lib kernel32.lib user32.lib gdi32.lib winspool.lib comdlg32.lib advapi32.lib shell32.lib ole32.lib oleaut32.lib uuid.lib odbc32.lib odbccp32.lib /MANIFEST /MANIFESTUAC:"level='asInvoker' uiAccess='false'" /manifest:embed /DEBUG /PDB:"C:\Users\m8avhru\Downloads\CrossScaleStereo-master\x64\Debug\SSCA.pdb" /SUBSYSTEM:CONSOLE /TLBID:1 /DYNAMICBASE /NXCOMPAT /IMPLIB:"C:\Users\m8avhru\Downloads\CrossScaleStereo-master\x64\Debug\SSCA.lib" /MACHINE:X64 x64\Debug\BFCA.obj
         x64\Debug\BilateralFilter.obj
         x64\Debug\BoxCA.obj
         x64\Debug\GFCA.obj
         x64\Debug\GuidedFilter.obj
         x64\Debug\ctmf.obj
         x64\Debug\NLCCA.obj
         x64\Debug\qx_basic.obj
         x64\Debug\qx_mst_kruskals_image.obj
         x64\Debug\qx_nonlocal_cost_aggregation.obj
         x64\Debug\qx_tree_filter.obj
         x64\Debug\ctmf.obj
         x64\Debug\SegmentTree.obj
         x64\Debug\STCA.obj
         x64\Debug\StereoDisparity.obj
         x64\Debug\StereoHelper.obj
         x64\Debug\Toolkit.obj
         x64\Debug\CenCC.obj
         x64\Debug\CGCC.obj
         x64\Debug\GrdCC.obj
         x64\Debug\main.obj
         x64\Debug\SGPP.obj
         x64\Debug\WMPP.obj
         x64\Debug\SSCA.obj
         SSCA.vcxproj -> C:\Users\m8avhru\Downloads\CrossScaleStereo-master\x64\Debug\SSCA.exe
     1>Done Building Project "C:\Users\m8avhru\Downloads\CrossScaleStereo-master\SSCA\SSCA.vcxproj" (Build target(s)).

Build succeeded.

Time Elapsed 00:00:02.91
